Using pre-set license
Built from '2022.3/staging' branch; Version is '2022.3.21f1 (bf09ca542b87) revision 12519882'; Using compiler version '192829333'; Build Type 'Release'
OS: 'Windows 10  (10.0.19045) 64bit Core' Language: 'es' Physical Memory: 16221 MB
BatchMode: 1, IsHumanControllingUs: 0, StartBugReporterOnCrash: 0, Is64bit: 1, IsPro: 1

COMMAND LINE ARGUMENTS:
C:\Program Files\Unity\Hub\Editor\2022.3.21f1\Editor\Unity.exe
-adb2
-batchMode
-noUpm
-name
AssetImportWorker0
-projectPath
C:/Users/Javier/Unity_pr/main-menu
-logFile
Logs/AssetImportWorker0.log
-srvPort
50931
Successfully changed project path to: C:/Users/Javier/Unity_pr/main-menu
C:/Users/Javier/Unity_pr/main-menu
[UnityMemory] Configuration Parameters - Can be set up in boot.config
    "memorysetup-bucket-allocator-granularity=16"
    "memorysetup-bucket-allocator-bucket-count=8"
    "memorysetup-bucket-allocator-block-size=33554432"
    "memorysetup-bucket-allocator-block-count=8"
    "memorysetup-main-allocator-block-size=16777216"
    "memorysetup-thread-allocator-block-size=16777216"
    "memorysetup-gfx-main-allocator-block-size=16777216"
    "memorysetup-gfx-thread-allocator-block-size=16777216"
    "memorysetup-cache-allocator-block-size=4194304"
    "memorysetup-typetree-allocator-block-size=2097152"
    "memorysetup-profiler-bucket-allocator-granularity=16"
    "memorysetup-profiler-bucket-allocator-bucket-count=8"
    "memorysetup-profiler-bucket-allocator-block-size=33554432"
    "memorysetup-profiler-bucket-allocator-block-count=8"
    "memorysetup-profiler-allocator-block-size=16777216"
    "memorysetup-profiler-editor-allocator-block-size=1048576"
    "memorysetup-temp-allocator-size-main=16777216"
    "memorysetup-job-temp-allocator-block-size=2097152"
    "memorysetup-job-temp-allocator-block-size-background=1048576"
    "memorysetup-job-temp-allocator-reduction-small-platforms=262144"
    "memorysetup-allocator-temp-initial-block-size-main=262144"
    "memorysetup-allocator-temp-initial-block-size-worker=262144"
    "memorysetup-temp-allocator-size-background-worker=32768"
    "memorysetup-temp-allocator-size-job-worker=262144"
    "memorysetup-temp-allocator-size-preload-manager=33554432"
    "memorysetup-temp-allocator-size-nav-mesh-worker=65536"
    "memorysetup-temp-allocator-size-audio-worker=65536"
    "memorysetup-temp-allocator-size-cloud-worker=32768"
    "memorysetup-temp-allocator-size-gi-baking-worker=262144"
    "memorysetup-temp-allocator-size-gfx=262144"
Player connection [21360] Host "[IP] 192.168.56.1 [Port] 0 [Flags] 2 [Guid] 2771264665 [EditorId] 2771264665 [Version] 1048832 [Id] WindowsEditor(7,DESKTOP-75GKCVR) [Debug] 1 [PackageName] WindowsEditor [ProjectName] Editor" joined multi-casting on [225.0.0.222:54997]...

Player connection [21360] Host "[IP] 192.168.56.1 [Port] 0 [Flags] 2 [Guid] 2771264665 [EditorId] 2771264665 [Version] 1048832 [Id] WindowsEditor(7,DESKTOP-75GKCVR) [Debug] 1 [PackageName] WindowsEditor [ProjectName] Editor" joined alternative multi-casting on [225.0.0.222:34997]...

[Physics::Module] Initialized MultithreadedJobDispatcher with 7 workers.
Refreshing native plugins compatible for Editor in 15.26 ms, found 3 plugins.
Preloading 0 native plugins for Editor in 0.00 ms.
Initialize engine version: 2022.3.21f1 (bf09ca542b87)
[Subsystems] Discovering subsystems at path C:/Program Files/Unity/Hub/Editor/2022.3.21f1/Editor/Data/Resources/UnitySubsystems
[Subsystems] Discovering subsystems at path C:/Users/Javier/Unity_pr/main-menu/Assets
GfxDevice: creating device client; threaded=0; jobified=0
Direct3D:
    Version:  Direct3D 11.0 [level 11.1]
    Renderer: NVIDIA GeForce GTX 1650 (ID=0x1f99)
    Vendor:   NVIDIA
    VRAM:     3935 MB
    Driver:   31.0.15.5176
Initialize mono
Mono path[0] = 'C:/Program Files/Unity/Hub/Editor/2022.3.21f1/Editor/Data/Managed'
Mono path[1] = 'C:/Program Files/Unity/Hub/Editor/2022.3.21f1/Editor/Data/MonoBleedingEdge/lib/mono/unityjit-win32'
Mono config path = 'C:/Program Files/Unity/Hub/Editor/2022.3.21f1/Editor/Data/MonoBleedingEdge/etc'
Using monoOptions --debugger-agent=transport=dt_socket,embedding=1,server=y,suspend=n,address=127.0.0.1:56796
Begin MonoManager ReloadAssembly
Registering precompiled unity dll's ...
Register platform support module: C:/Program Files/Unity/Hub/Editor/2022.3.21f1/Editor/Data/PlaybackEngines/WindowsStandaloneSupport/UnityEditor.WindowsStandalone.Extensions.dll
Registered in 0.011162 seconds.
- Loaded All Assemblies, in  0.413 seconds
Native extension for WindowsStandalone target not found
Mono: successfully reloaded assembly
- Finished resetting the current domain, in  0.328 seconds
Domain Reload Profiling: 739ms
	BeginReloadAssembly (124ms)
		ExecutionOrderSort (0ms)
		DisableScriptedObjects (0ms)
		BackupInstance (0ms)
		ReleaseScriptingObjects (0ms)
		CreateAndSetChildDomain (1ms)
	RebuildCommonClasses (39ms)
	RebuildNativeTypeToScriptingClass (12ms)
	initialDomainReloadingComplete (67ms)
	LoadAllAssembliesAndSetupDomain (169ms)
		LoadAssemblies (122ms)
		RebuildTransferFunctionScriptingTraits (0ms)
		AnalyzeDomain (167ms)
			TypeCache.Refresh (165ms)
				TypeCache.ScanAssembly (148ms)
			ScanForSourceGeneratedMonoScriptInfo (0ms)
			ResolveRequiredComponents (0ms)
	FinalizeReload (328ms)
		ReleaseScriptCaches (0ms)
		RebuildScriptCaches (0ms)
		SetupLoadedEditorAssemblies (258ms)
			LogAssemblyErrors (0ms)
			InitializePlatformSupportModulesInManaged (11ms)
			SetLoadedEditorAssemblies (8ms)
			RefreshPlugins (0ms)
			BeforeProcessingInitializeOnLoad (2ms)
			ProcessInitializeOnLoadAttributes (174ms)
			ProcessInitializeOnLoadMethodAttributes (63ms)
			AfterProcessingInitializeOnLoad (0ms)
			EditorAssembliesLoaded (0ms)
		ExecutionOrderSort2 (0ms)
		AwakeInstancesAfterBackupRestoration (0ms)
========================================================================
Worker process is ready to serve import requests
Begin MonoManager ReloadAssembly
- Loaded All Assemblies, in  0.777 seconds
Refreshing native plugins compatible for Editor in 5.18 ms, found 3 plugins.
Native extension for WindowsStandalone target not found
Package Manager log level set to [2]
[Package Manager] Server::EnsureServerProcessIsRunning -- launch failed, reason: Unity was launched with the -noUpm command-line argument
[Package Manager] UpmClient::Send -- Unable to send message (not connected to UPM process).
[Package Manager] Cannot connect to Unity Package Manager local server
Mono: successfully reloaded assembly
- Finished resetting the current domain, in  0.661 seconds
Domain Reload Profiling: 1435ms
	BeginReloadAssembly (173ms)
		ExecutionOrderSort (0ms)
		DisableScriptedObjects (5ms)
		BackupInstance (0ms)
		ReleaseScriptingObjects (0ms)
		CreateAndSetChildDomain (29ms)
	RebuildCommonClasses (36ms)
	RebuildNativeTypeToScriptingClass (12ms)
	initialDomainReloadingComplete (50ms)
	LoadAllAssembliesAndSetupDomain (503ms)
		LoadAssemblies (349ms)
		RebuildTransferFunctionScriptingTraits (0ms)
		AnalyzeDomain (252ms)
			TypeCache.Refresh (229ms)
				TypeCache.ScanAssembly (211ms)
			ScanForSourceGeneratedMonoScriptInfo (17ms)
			ResolveRequiredComponents (4ms)
	FinalizeReload (661ms)
		ReleaseScriptCaches (0ms)
		RebuildScriptCaches (0ms)
		SetupLoadedEditorAssemblies (483ms)
			LogAssemblyErrors (0ms)
			InitializePlatformSupportModulesInManaged (7ms)
			SetLoadedEditorAssemblies (4ms)
			RefreshPlugins (0ms)
			BeforeProcessingInitializeOnLoad (77ms)
			ProcessInitializeOnLoadAttributes (364ms)
			ProcessInitializeOnLoadMethodAttributes (22ms)
			AfterProcessingInitializeOnLoad (8ms)
			EditorAssembliesLoaded (0ms)
		ExecutionOrderSort2 (0ms)
		AwakeInstancesAfterBackupRestoration (7ms)
Launched and connected shader compiler UnityShaderCompiler.exe after 0.04 seconds
Refreshing native plugins compatible for Editor in 6.06 ms, found 3 plugins.
Preloading 0 native plugins for Editor in 0.00 ms.
Unloading 3133 Unused Serialized files (Serialized files now loaded: 0)
Unloading 40 unused Assets / (61.4 KB). Loaded Objects now: 3587.
Memory consumption went from 122.1 MB to 122.1 MB.
Total: 4.052700 ms (FindLiveObjects: 0.277900 ms CreateObjectMapping: 0.251500 ms MarkObjects: 3.393700 ms  DeleteObjects: 0.128300 ms)

AssetImportParameters requested are different than current active one (requested -> active):
  custom:container-demuxer-ogg: 62fdf1f143b41e24485cea50d1cbac27 -> 
  custom:video-decoder-ogg-theora: a1e56fd34408186e4bbccfd4996cb3dc -> 
  custom:framework-win-MediaFoundation: 216162199b28c13a410421893ffa2e32 -> 
  custom:CustomObjectIndexerAttribute: 9a22284fe3817be447336de3de66b15e -> 
  custom:container-demuxer-webm: 4f35f7cbe854078d1ac9338744f61a02 -> 
  custom:container-muxer-webm: aa71ff27fc2769a1b78a27578f13a17b -> 
  custom:video-decoder-webm-vp8: 9c59270c3fd7afecdb556c50c9e8de78 -> 
  custom:SearchIndexIgnoredProperties: e643bd26f0fe6173181afceb89e7c659 -> 
  custom:AudioImporter_EditorPlatform: d09bf68614088b80899f8185d706f6e7 -> 
  custom:video-encoder-webm-vp8: eb34c28f22e8b96e1ab97ce403110664 -> 
  custom:audio-decoder-ogg-vorbis: bf7c407c2cedff20999df2af8eb42d56 -> 
  custom:audio-encoder-webm-vorbis: bf7c407c2cedff20999df2af8eb42d56 -> 
========================================================================
Received Import Request.
  Time since last request: 205122.783437 seconds.
  path: Assets/Plugins/CodeAssist/Editor/Preferences/RegistryMonitor.cs
  artifactKey: Guid(9736782863fa78c4b89cbd5c137027bf) Importer(2089858483,0ecaa5967403d082aa24f35e1b516d23)
Start importing Assets/Plugins/CodeAssist/Editor/Preferences/RegistryMonitor.cs using Guid(9736782863fa78c4b89cbd5c137027bf) Importer(2089858483,0ecaa5967403d082aa24f35e1b516d23)  -> (artifact id: '306e36cc1b28faeeb66d41dbd2f8bd4a') in 0.096000 seconds
Number of updated asset objects reloaded before import = 0
Number of asset objects unloaded after import = 1
========================================================================
Received Import Request.
  Time since last request: 0.000040 seconds.
  path: Assets/Plugins/CodeAssist/Editor/LazyInitializer.cs
  artifactKey: Guid(349e7096ea29a09478cef1fffe83b8a6) Importer(2089858483,0ecaa5967403d082aa24f35e1b516d23)
Start importing Assets/Plugins/CodeAssist/Editor/LazyInitializer.cs using Guid(349e7096ea29a09478cef1fffe83b8a6) Importer(2089858483,0ecaa5967403d082aa24f35e1b516d23)  -> (artifact id: '2e0b864e63e531417e6ffb1318a9359c') in 0.014297 seconds
Number of updated asset objects reloaded before import = 0
Number of asset objects unloaded after import = 1
========================================================================
Received Import Request.
  Time since last request: 0.000021 seconds.
  path: Assets/Plugins/CodeAssist/CHANGELOG.TXT
  artifactKey: Guid(80d472b0234cc7a4ca940ac738ae78c6) Importer(2089858483,0ecaa5967403d082aa24f35e1b516d23)
Start importing Assets/Plugins/CodeAssist/CHANGELOG.TXT using Guid(80d472b0234cc7a4ca940ac738ae78c6) Importer(2089858483,0ecaa5967403d082aa24f35e1b516d23)  -> (artifact id: 'af5d5cfe678e503e8a63232e923f6126') in 0.019139 seconds
Number of updated asset objects reloaded before import = 0
Number of asset objects unloaded after import = 1
========================================================================
Received Import Request.
  Time since last request: 0.000021 seconds.
  path: Assets/Plugins/CodeAssist/Editor/EditorCoroutines/EditorCoroutine.cs
  artifactKey: Guid(42a10b1f0f12ba640827da0ae78cb7e1) Importer(2089858483,0ecaa5967403d082aa24f35e1b516d23)
Start importing Assets/Plugins/CodeAssist/Editor/EditorCoroutines/EditorCoroutine.cs using Guid(42a10b1f0f12ba640827da0ae78cb7e1) Importer(2089858483,0ecaa5967403d082aa24f35e1b516d23)  -> (artifact id: 'cd6e751dbd5636c2ac236e3981a6a57b') in 0.016440 seconds
Number of updated asset objects reloaded before import = 0
Number of asset objects unloaded after import = 1
========================================================================
Received Import Request.
  Time since last request: 0.000016 seconds.
  path: Assets/Plugins/CodeAssist/THIRD-PARTY-NOTICES.TXT
  artifactKey: Guid(3446ee72e02306444990bbf9a8df85b5) Importer(2089858483,0ecaa5967403d082aa24f35e1b516d23)
Start importing Assets/Plugins/CodeAssist/THIRD-PARTY-NOTICES.TXT using Guid(3446ee72e02306444990bbf9a8df85b5) Importer(2089858483,0ecaa5967403d082aa24f35e1b516d23)  -> (artifact id: '081cb8b2b3841244d1e26350e3f8d7d8') in 0.020983 seconds
Number of updated asset objects reloaded before import = 0
Number of asset objects unloaded after import = 1
========================================================================
Received Import Request.
  Time since last request: 0.000015 seconds.
  path: Assets/Plugins/CodeAssist/Editor/ScriptFinder.cs
  artifactKey: Guid(e6bcf7066fbdc754b97e4eec50078e86) Importer(2089858483,0ecaa5967403d082aa24f35e1b516d23)
Start importing Assets/Plugins/CodeAssist/Editor/ScriptFinder.cs using Guid(e6bcf7066fbdc754b97e4eec50078e86) Importer(2089858483,0ecaa5967403d082aa24f35e1b516d23)  -> (artifact id: '9eb0bec4c81f4e092592e849341c85ea') in 0.015561 seconds
Number of updated asset objects reloaded before import = 0
Number of asset objects unloaded after import = 1
========================================================================
Received Import Request.
  Time since last request: 0.000016 seconds.
  path: Assets/Plugins/CodeAssist/Editor/NetMQPublisher.cs
  artifactKey: Guid(45bb45fb04f37984990dbd1b1bde4c90) Importer(2089858483,0ecaa5967403d082aa24f35e1b516d23)
Start importing Assets/Plugins/CodeAssist/Editor/NetMQPublisher.cs using Guid(45bb45fb04f37984990dbd1b1bde4c90) Importer(2089858483,0ecaa5967403d082aa24f35e1b516d23)  -> (artifact id: 'c67e168bae5c0e93bafedaaf1c4b3a05') in 0.015395 seconds
Number of updated asset objects reloaded before import = 0
Number of asset objects unloaded after import = 1
========================================================================
Received Import Request.
  Time since last request: 0.000020 seconds.
  path: Assets/Plugins/CodeAssist/Editor/ExternalReferences/Meryel.UnityCodeAssist.NetMQ.dll
  artifactKey: Guid(4a562276b7c041c459b0411b524f7a68) Importer(2089858483,0ecaa5967403d082aa24f35e1b516d23)
Start importing Assets/Plugins/CodeAssist/Editor/ExternalReferences/Meryel.UnityCodeAssist.NetMQ.dll using Guid(4a562276b7c041c459b0411b524f7a68) Importer(2089858483,0ecaa5967403d082aa24f35e1b516d23)  -> (artifact id: '14b6b0ac9a97a977edd42237100fba2f') in 0.020566 seconds
Number of updated asset objects reloaded before import = 0
Number of asset objects unloaded after import = 1
========================================================================
Received Import Request.
  Time since last request: 0.000021 seconds.
  path: Assets/Plugins/CodeAssist/Editor/ExternalReferences/Meryel.UnityCodeAssist.SynchronizerModel.pdb
  artifactKey: Guid(a9880850a075f6a4c96cd7ccf0955c53) Importer(2089858483,0ecaa5967403d082aa24f35e1b516d23)
Start importing Assets/Plugins/CodeAssist/Editor/ExternalReferences/Meryel.UnityCodeAssist.SynchronizerModel.pdb using Guid(a9880850a075f6a4c96cd7ccf0955c53) Importer(2089858483,0ecaa5967403d082aa24f35e1b516d23)  -> (artifact id: '827be1b56b092f30a218cb9ae287582b') in 0.012747 seconds
Number of updated asset objects reloaded before import = 0
Number of asset objects unloaded after import = 1
========================================================================
Received Import Request.
  Time since last request: 0.000016 seconds.
  path: Assets/Plugins/CodeAssist/Editor/ExternalReferences/Meryel.UnityCodeAssist.YamlDotNet.xml
  artifactKey: Guid(6e7164df018b4b143a5cd0251aa9cc1d) Importer(2089858483,0ecaa5967403d082aa24f35e1b516d23)
Start importing Assets/Plugins/CodeAssist/Editor/ExternalReferences/Meryel.UnityCodeAssist.YamlDotNet.xml using Guid(6e7164df018b4b143a5cd0251aa9cc1d) Importer(2089858483,0ecaa5967403d082aa24f35e1b516d23)  -> (artifact id: '0148998aebd4f7547a21464e45ffa29b') in 0.019358 seconds
Number of updated asset objects reloaded before import = 0
Number of asset objects unloaded after import = 1
========================================================================
Received Import Request.
  Time since last request: 0.000015 seconds.
  path: Assets/Plugins/CodeAssist/Editor/ExternalReferences/Meryel.UnityCodeAssist.NetMQ.xml
  artifactKey: Guid(aba23a25542f0e34d9f88a4c821ecbff) Importer(2089858483,0ecaa5967403d082aa24f35e1b516d23)
Start importing Assets/Plugins/CodeAssist/Editor/ExternalReferences/Meryel.UnityCodeAssist.NetMQ.xml using Guid(aba23a25542f0e34d9f88a4c821ecbff) Importer(2089858483,0ecaa5967403d082aa24f35e1b516d23)  -> (artifact id: '6dc61898ecc4a12d62432f5915f5e4d7') in 0.019433 seconds
Number of updated asset objects reloaded before import = 0
Number of asset objects unloaded after import = 1
========================================================================
Received Import Request.
  Time since last request: 0.000020 seconds.
  path: Assets/Plugins/CodeAssist/Editor/MainThreadDispatcher.cs
  artifactKey: Guid(9ac1ef1dc80f3764d89e87cdfdeb5875) Importer(2089858483,0ecaa5967403d082aa24f35e1b516d23)
Start importing Assets/Plugins/CodeAssist/Editor/MainThreadDispatcher.cs using Guid(9ac1ef1dc80f3764d89e87cdfdeb5875) Importer(2089858483,0ecaa5967403d082aa24f35e1b516d23)  -> (artifact id: '59bd82c6893369c4a62e8a2adfbf4cff') in 0.017196 seconds
Number of updated asset objects reloaded before import = 0
Number of asset objects unloaded after import = 1
========================================================================
Received Import Request.
  Time since last request: 0.000015 seconds.
  path: Assets/Plugins/CodeAssist/Editor/ExternalReferences/Meryel.UnityCodeAssist.AsyncIO.dll
  artifactKey: Guid(8a64da0a5f34f864a9f0300e7abacfe8) Importer(2089858483,0ecaa5967403d082aa24f35e1b516d23)
Start importing Assets/Plugins/CodeAssist/Editor/ExternalReferences/Meryel.UnityCodeAssist.AsyncIO.dll using Guid(8a64da0a5f34f864a9f0300e7abacfe8) Importer(2089858483,0ecaa5967403d082aa24f35e1b516d23)  -> (artifact id: '95d7eb5a8646c4b593a1e36a6f499800') in 0.017285 seconds
Number of updated asset objects reloaded before import = 0
Number of asset objects unloaded after import = 1
========================================================================
Received Import Request.
  Time since last request: 0.000019 seconds.
  path: Assets/Scenes/LevelMenu.unity
  artifactKey: Guid(0eb3e887dad87c745909831d27d243be) Importer(2089858483,0ecaa5967403d082aa24f35e1b516d23)
Start importing Assets/Scenes/LevelMenu.unity using Guid(0eb3e887dad87c745909831d27d243be) Importer(2089858483,0ecaa5967403d082aa24f35e1b516d23)  -> (artifact id: '94782bae457aecb2216eef0e44e6dc5f') in 0.009502 seconds
Number of updated asset objects reloaded before import = 0
Number of asset objects unloaded after import = 1
========================================================================
Received Import Request.
  Time since last request: 0.000028 seconds.
  path: Assets/Scenes/BloqueDificil.unity
  artifactKey: Guid(f1d88c370c20e6c42a8309e5a16f47ae) Importer(2089858483,0ecaa5967403d082aa24f35e1b516d23)
Start importing Assets/Scenes/BloqueDificil.unity using Guid(f1d88c370c20e6c42a8309e5a16f47ae) Importer(2089858483,0ecaa5967403d082aa24f35e1b516d23)  -> (artifact id: '2b988c2f60372e925300d0f114ab88af') in 0.011074 seconds
Number of updated asset objects reloaded before import = 0
Number of asset objects unloaded after import = 1
========================================================================
Received Import Request.
  Time since last request: 0.000028 seconds.
  path: Assets/Plugins/CodeAssist/Editor/CodeAssistAssembly.asmdef
  artifactKey: Guid(4fd54aeb2b1cb784f95a9c7d1ab71158) Importer(2089858483,0ecaa5967403d082aa24f35e1b516d23)
Start importing Assets/Plugins/CodeAssist/Editor/CodeAssistAssembly.asmdef using Guid(4fd54aeb2b1cb784f95a9c7d1ab71158) Importer(2089858483,0ecaa5967403d082aa24f35e1b516d23)  -> (artifact id: '4fda79c912320eee2f4501ec683534cd') in 0.020962 seconds
Number of updated asset objects reloaded before import = 0
Number of asset objects unloaded after import = 1
========================================================================
Received Import Request.
  Time since last request: 0.000016 seconds.
  path: Assets/Plugins/CodeAssist/Editor/Input/InputManagerMonitor.cs
  artifactKey: Guid(6fc20d804afb7c144aa625516fbe8fe5) Importer(2089858483,0ecaa5967403d082aa24f35e1b516d23)
Start importing Assets/Plugins/CodeAssist/Editor/Input/InputManagerMonitor.cs using Guid(6fc20d804afb7c144aa625516fbe8fe5) Importer(2089858483,0ecaa5967403d082aa24f35e1b516d23)  -> (artifact id: '0896257c9d080704807a326ed7e7987d') in 0.014447 seconds
Number of updated asset objects reloaded before import = 0
Number of asset objects unloaded after import = 1
========================================================================
Received Import Request.
  Time since last request: 0.000017 seconds.
  path: Assets/Plugins/CodeAssist/Editor/NetMQInitializer.cs
  artifactKey: Guid(3bbe42f00c5a4864caf0adfa4edaf3ed) Importer(2089858483,0ecaa5967403d082aa24f35e1b516d23)
Start importing Assets/Plugins/CodeAssist/Editor/NetMQInitializer.cs using Guid(3bbe42f00c5a4864caf0adfa4edaf3ed) Importer(2089858483,0ecaa5967403d082aa24f35e1b516d23)  -> (artifact id: '72612b177ea6ced3ce0008933819d342') in 0.012745 seconds
Number of updated asset objects reloaded before import = 0
Number of asset objects unloaded after import = 1
========================================================================
Received Import Request.
  Time since last request: 0.000020 seconds.
  path: Assets/Scenes/Aldea.unity
  artifactKey: Guid(f83bd392cec99664b8373962049b3ef2) Importer(2089858483,0ecaa5967403d082aa24f35e1b516d23)
Start importing Assets/Scenes/Aldea.unity using Guid(f83bd392cec99664b8373962049b3ef2) Importer(2089858483,0ecaa5967403d082aa24f35e1b516d23)  -> (artifact id: '3d64924f08e5ed3bae876b6605601a36') in 0.010185 seconds
Number of updated asset objects reloaded before import = 0
Number of asset objects unloaded after import = 1
========================================================================
Received Import Request.
  Time since last request: 0.000030 seconds.
  path: Assets/Plugins/CodeAssist/Editor/Preferences/PreferenceEntryHolder.cs
  artifactKey: Guid(a33c54f4051745848a5688bce0a4c196) Importer(2089858483,0ecaa5967403d082aa24f35e1b516d23)
Start importing Assets/Plugins/CodeAssist/Editor/Preferences/PreferenceEntryHolder.cs using Guid(a33c54f4051745848a5688bce0a4c196) Importer(2089858483,0ecaa5967403d082aa24f35e1b516d23)  -> (artifact id: '871917c34c224bd2dc49e4746a240531') in 0.015992 seconds
Number of updated asset objects reloaded before import = 0
Number of asset objects unloaded after import = 1
========================================================================
Received Import Request.
  Time since last request: 0.000019 seconds.
  path: Assets/Plugins/CodeAssist/Editor/Logger/Attributes.cs
  artifactKey: Guid(2d971647baa962a40875157e8486da68) Importer(2089858483,0ecaa5967403d082aa24f35e1b516d23)
Start importing Assets/Plugins/CodeAssist/Editor/Logger/Attributes.cs using Guid(2d971647baa962a40875157e8486da68) Importer(2089858483,0ecaa5967403d082aa24f35e1b516d23)  -> (artifact id: '560a00ee75570b5e3d1447b1f0369eba') in 0.014275 seconds
Number of updated asset objects reloaded before import = 0
Number of asset objects unloaded after import = 1
========================================================================
Received Import Request.
  Time since last request: 0.000018 seconds.
  path: Assets/Plugins/CodeAssist/Editor/ExternalReferences/Meryel.UnityCodeAssist.Serilog.dll
  artifactKey: Guid(f2d9b3ccfc8cedb4ba81881656517f44) Importer(2089858483,0ecaa5967403d082aa24f35e1b516d23)
Start importing Assets/Plugins/CodeAssist/Editor/ExternalReferences/Meryel.UnityCodeAssist.Serilog.dll using Guid(f2d9b3ccfc8cedb4ba81881656517f44) Importer(2089858483,0ecaa5967403d082aa24f35e1b516d23)  -> (artifact id: '8c5bc781d655d2528546840921011995') in 0.014605 seconds
Number of updated asset objects reloaded before import = 0
Number of asset objects unloaded after import = 1
========================================================================
Received Import Request.
  Time since last request: 0.000042 seconds.
  path: Assets/Plugins/CodeAssist/Editor/ExternalReferences/Meryel.UnityCodeAssist.Serilog.deps.json
  artifactKey: Guid(b3c5677f7f08e184d981bacdd1680b40) Importer(2089858483,0ecaa5967403d082aa24f35e1b516d23)
Start importing Assets/Plugins/CodeAssist/Editor/ExternalReferences/Meryel.UnityCodeAssist.Serilog.deps.json using Guid(b3c5677f7f08e184d981bacdd1680b40) Importer(2089858483,0ecaa5967403d082aa24f35e1b516d23)  -> (artifact id: '1ea238a676225a81b9c3ee36d0a0c9bc') in 0.018307 seconds
Number of updated asset objects reloaded before import = 0
Number of asset objects unloaded after import = 1
========================================================================
Received Import Request.
  Time since last request: 0.000019 seconds.
  path: Assets/Plugins/CodeAssist/Editor/Preferences/PreferenceStorageAccessor.cs
  artifactKey: Guid(4de7f3c748c19f14bb136129ec8d5c50) Importer(2089858483,0ecaa5967403d082aa24f35e1b516d23)
Start importing Assets/Plugins/CodeAssist/Editor/Preferences/PreferenceStorageAccessor.cs using Guid(4de7f3c748c19f14bb136129ec8d5c50) Importer(2089858483,0ecaa5967403d082aa24f35e1b516d23)  -> (artifact id: '64247453996fe4098c444e2fe94118f3') in 0.014676 seconds
Number of updated asset objects reloaded before import = 0
Number of asset objects unloaded after import = 1
========================================================================
Received Import Request.
  Time since last request: 0.000016 seconds.
  path: Assets/Plugins/CodeAssist/Editor/Input/UnityInputManager.cs
  artifactKey: Guid(5081eb806c0932d4a8aceb3737886a13) Importer(2089858483,0ecaa5967403d082aa24f35e1b516d23)
Start importing Assets/Plugins/CodeAssist/Editor/Input/UnityInputManager.cs using Guid(5081eb806c0932d4a8aceb3737886a13) Importer(2089858483,0ecaa5967403d082aa24f35e1b516d23)  -> (artifact id: 'ea778378da35ffee21631f10b8b07c0b') in 0.015634 seconds
Number of updated asset objects reloaded before import = 0
Number of asset objects unloaded after import = 1
========================================================================
Received Import Request.
  Time since last request: 0.000028 seconds.
  path: Assets/Plugins/CodeAssist/README.TXT
  artifactKey: Guid(0ffdcfbb7bdb3ff40af069d1356a6b97) Importer(2089858483,0ecaa5967403d082aa24f35e1b516d23)
Start importing Assets/Plugins/CodeAssist/README.TXT using Guid(0ffdcfbb7bdb3ff40af069d1356a6b97) Importer(2089858483,0ecaa5967403d082aa24f35e1b516d23)  -> (artifact id: 'f2c3c92e3fa42b3750edf89dab6ac219') in 0.019278 seconds
Number of updated asset objects reloaded before import = 0
Number of asset objects unloaded after import = 1
========================================================================
Received Import Request.
  Time since last request: 0.000030 seconds.
  path: Assets/Plugins/CodeAssist/Editor/Monitor.cs
  artifactKey: Guid(a8ba1c0d39850ca41b5c23b2b8a0e045) Importer(2089858483,0ecaa5967403d082aa24f35e1b516d23)
Start importing Assets/Plugins/CodeAssist/Editor/Monitor.cs using Guid(a8ba1c0d39850ca41b5c23b2b8a0e045) Importer(2089858483,0ecaa5967403d082aa24f35e1b516d23)  -> (artifact id: '0427f35a2cab32dff21ba94ebfdb5edb') in 0.015632 seconds
Number of updated asset objects reloaded before import = 0
Number of asset objects unloaded after import = 1
========================================================================
Received Import Request.
  Time since last request: 0.000026 seconds.
  path: Assets/Plugins/CodeAssist/Editor/Logger/CommonTools.cs
  artifactKey: Guid(5dca270169c322e4a87781f59c5faf26) Importer(2089858483,0ecaa5967403d082aa24f35e1b516d23)
Start importing Assets/Plugins/CodeAssist/Editor/Logger/CommonTools.cs using Guid(5dca270169c322e4a87781f59c5faf26) Importer(2089858483,0ecaa5967403d082aa24f35e1b516d23)  -> (artifact id: 'eb2c0fdab997847289231007864b4ff9') in 0.014322 seconds
Number of updated asset objects reloaded before import = 0
Number of asset objects unloaded after import = 1
========================================================================
Received Import Request.
  Time since last request: 0.000029 seconds.
  path: Assets/Plugins/CodeAssist/Editor/Input/Text2Yaml.cs
  artifactKey: Guid(4cf2e9bd6ce62c647a9340495dd68a31) Importer(2089858483,0ecaa5967403d082aa24f35e1b516d23)
Start importing Assets/Plugins/CodeAssist/Editor/Input/Text2Yaml.cs using Guid(4cf2e9bd6ce62c647a9340495dd68a31) Importer(2089858483,0ecaa5967403d082aa24f35e1b516d23)  -> (artifact id: '2a03cbb6273b39c23a5463197622e490') in 0.014261 seconds
Number of updated asset objects reloaded before import = 0
Number of asset objects unloaded after import = 1
========================================================================
Received Import Request.
  Time since last request: 0.000017 seconds.
  path: Assets/Plugins/CodeAssist/GPT-NOTICE.TXT
  artifactKey: Guid(5b7923e6c4d4922468898a53834f7eb4) Importer(2089858483,0ecaa5967403d082aa24f35e1b516d23)
Start importing Assets/Plugins/CodeAssist/GPT-NOTICE.TXT using Guid(5b7923e6c4d4922468898a53834f7eb4) Importer(2089858483,0ecaa5967403d082aa24f35e1b516d23)  -> (artifact id: 'c4e76c572d30c7eac5246c2397596f90') in 0.018298 seconds
Number of updated asset objects reloaded before import = 0
Number of asset objects unloaded after import = 1
========================================================================
Received Import Request.
  Time since last request: 0.000020 seconds.
  path: Assets/Plugins/CodeAssist/Editor/EditorCoroutines/EditorWindowCoroutineExtension.cs
  artifactKey: Guid(bd1169992a9f8604fb9fdfd4718b4ef6) Importer(2089858483,0ecaa5967403d082aa24f35e1b516d23)
Start importing Assets/Plugins/CodeAssist/Editor/EditorCoroutines/EditorWindowCoroutineExtension.cs using Guid(bd1169992a9f8604fb9fdfd4718b4ef6) Importer(2089858483,0ecaa5967403d082aa24f35e1b516d23)  -> (artifact id: '053799125c59c27c9493e01c088a7bb0') in 0.014424 seconds
Number of updated asset objects reloaded before import = 0
Number of asset objects unloaded after import = 1
========================================================================
Received Import Request.
  Time since last request: 0.000023 seconds.
  path: Assets/Plugins/CodeAssist/Editor/ExternalReferences/Meryel.UnityCodeAssist.NetMQ.pdb
  artifactKey: Guid(68c95a4b95b1f1b4ba1041b1b3c303de) Importer(2089858483,0ecaa5967403d082aa24f35e1b516d23)
Start importing Assets/Plugins/CodeAssist/Editor/ExternalReferences/Meryel.UnityCodeAssist.NetMQ.pdb using Guid(68c95a4b95b1f1b4ba1041b1b3c303de) Importer(2089858483,0ecaa5967403d082aa24f35e1b516d23)  -> (artifact id: '8116875fe30d224dbfff4454517ef1ea') in 0.011006 seconds
Number of updated asset objects reloaded before import = 0
Number of asset objects unloaded after import = 1
========================================================================
Received Import Request.
  Time since last request: 0.000020 seconds.
  path: Assets/Plugins/CodeAssist/Editor/ExternalReferences/Meryel.UnityCodeAssist.Serilog.Sinks.PersistentFile.dll
  artifactKey: Guid(6814295b7ecb7ec4798e237a85419560) Importer(2089858483,0ecaa5967403d082aa24f35e1b516d23)
Start importing Assets/Plugins/CodeAssist/Editor/ExternalReferences/Meryel.UnityCodeAssist.Serilog.Sinks.PersistentFile.dll using Guid(6814295b7ecb7ec4798e237a85419560) Importer(2089858483,0ecaa5967403d082aa24f35e1b516d23)  -> (artifact id: 'b0adc2d4c5bfc2ac2bd44376f4c44e52') in 0.015949 seconds
Number of updated asset objects reloaded before import = 0
Number of asset objects unloaded after import = 1
========================================================================
Received Import Request.
  Time since last request: 0.000023 seconds.
  path: Assets/Plugins/CodeAssist/Editor/TinyJson/JsonWriter.cs
  artifactKey: Guid(fe34ab4a3c6b000479268739f1959c0f) Importer(2089858483,0ecaa5967403d082aa24f35e1b516d23)
Start importing Assets/Plugins/CodeAssist/Editor/TinyJson/JsonWriter.cs using Guid(fe34ab4a3c6b000479268739f1959c0f) Importer(2089858483,0ecaa5967403d082aa24f35e1b516d23)  -> (artifact id: 'bf1514da5f1d4110b8b739a5dccc9629') in 0.015587 seconds
Number of updated asset objects reloaded before import = 0
Number of asset objects unloaded after import = 1
========================================================================
Received Import Request.
  Time since last request: 0.000022 seconds.
  path: Assets/Plugins/CodeAssist/Editor/ExternalReferences/Meryel.UnityCodeAssist.Serilog.Sinks.PersistentFile.deps.json
  artifactKey: Guid(47f4bdbbf041dc145b2b658e96f9eb45) Importer(2089858483,0ecaa5967403d082aa24f35e1b516d23)
Start importing Assets/Plugins/CodeAssist/Editor/ExternalReferences/Meryel.UnityCodeAssist.Serilog.Sinks.PersistentFile.deps.json using Guid(47f4bdbbf041dc145b2b658e96f9eb45) Importer(2089858483,0ecaa5967403d082aa24f35e1b516d23)  -> (artifact id: '71387dcad8d9d9d81001fe138ea97760') in 0.018841 seconds
Number of updated asset objects reloaded before import = 0
Number of asset objects unloaded after import = 1
