Using pre-set license
Built from '2022.3/staging' branch; Version is '2022.3.21f1 (bf09ca542b87) revision 12519882'; Using compiler version '192829333'; Build Type 'Release'
OS: 'Windows 10  (10.0.19045) 64bit Core' Language: 'es' Physical Memory: 16221 MB
BatchMode: 1, IsHumanControllingUs: 0, StartBugReporterOnCrash: 0, Is64bit: 1, IsPro: 1

COMMAND LINE ARGUMENTS:
C:\Program Files\Unity\Hub\Editor\2022.3.21f1\Editor\Unity.exe
-adb2
-batchMode
-noUpm
-name
AssetImportWorker1
-projectPath
C:/Users/Javier/Unity_pr/main-menu
-logFile
Logs/AssetImportWorker1.log
-srvPort
50931
Successfully changed project path to: C:/Users/Javier/Unity_pr/main-menu
C:/Users/Javier/Unity_pr/main-menu
[UnityMemory] Configuration Parameters - Can be set up in boot.config
    "memorysetup-bucket-allocator-granularity=16"
    "memorysetup-bucket-allocator-bucket-count=8"
    "memorysetup-bucket-allocator-block-size=33554432"
    "memorysetup-bucket-allocator-block-count=8"
    "memorysetup-main-allocator-block-size=16777216"
    "memorysetup-thread-allocator-block-size=16777216"
    "memorysetup-gfx-main-allocator-block-size=16777216"
    "memorysetup-gfx-thread-allocator-block-size=16777216"
    "memorysetup-cache-allocator-block-size=4194304"
    "memorysetup-typetree-allocator-block-size=2097152"
    "memorysetup-profiler-bucket-allocator-granularity=16"
    "memorysetup-profiler-bucket-allocator-bucket-count=8"
    "memorysetup-profiler-bucket-allocator-block-size=33554432"
    "memorysetup-profiler-bucket-allocator-block-count=8"
    "memorysetup-profiler-allocator-block-size=16777216"
    "memorysetup-profiler-editor-allocator-block-size=1048576"
    "memorysetup-temp-allocator-size-main=16777216"
    "memorysetup-job-temp-allocator-block-size=2097152"
    "memorysetup-job-temp-allocator-block-size-background=1048576"
    "memorysetup-job-temp-allocator-reduction-small-platforms=262144"
    "memorysetup-allocator-temp-initial-block-size-main=262144"
    "memorysetup-allocator-temp-initial-block-size-worker=262144"
    "memorysetup-temp-allocator-size-background-worker=32768"
    "memorysetup-temp-allocator-size-job-worker=262144"
    "memorysetup-temp-allocator-size-preload-manager=33554432"
    "memorysetup-temp-allocator-size-nav-mesh-worker=65536"
    "memorysetup-temp-allocator-size-audio-worker=65536"
    "memorysetup-temp-allocator-size-cloud-worker=32768"
    "memorysetup-temp-allocator-size-gi-baking-worker=262144"
    "memorysetup-temp-allocator-size-gfx=262144"
Player connection [31312] Host "[IP] 192.168.56.1 [Port] 0 [Flags] 2 [Guid] 2771264665 [EditorId] 2771264665 [Version] 1048832 [Id] WindowsEditor(7,DESKTOP-75GKCVR) [Debug] 1 [PackageName] WindowsEditor [ProjectName] Editor" joined multi-casting on [225.0.0.222:54997]...

Player connection [31312] Host "[IP] 192.168.56.1 [Port] 0 [Flags] 2 [Guid] 2771264665 [EditorId] 2771264665 [Version] 1048832 [Id] WindowsEditor(7,DESKTOP-75GKCVR) [Debug] 1 [PackageName] WindowsEditor [ProjectName] Editor" joined alternative multi-casting on [225.0.0.222:34997]...

[Physics::Module] Initialized MultithreadedJobDispatcher with 7 workers.
Refreshing native plugins compatible for Editor in 15.03 ms, found 3 plugins.
Preloading 0 native plugins for Editor in 0.00 ms.
Initialize engine version: 2022.3.21f1 (bf09ca542b87)
[Subsystems] Discovering subsystems at path C:/Program Files/Unity/Hub/Editor/2022.3.21f1/Editor/Data/Resources/UnitySubsystems
[Subsystems] Discovering subsystems at path C:/Users/Javier/Unity_pr/main-menu/Assets
GfxDevice: creating device client; threaded=0; jobified=0
Direct3D:
    Version:  Direct3D 11.0 [level 11.1]
    Renderer: NVIDIA GeForce GTX 1650 (ID=0x1f99)
    Vendor:   NVIDIA
    VRAM:     3935 MB
    Driver:   31.0.15.5176
Initialize mono
Mono path[0] = 'C:/Program Files/Unity/Hub/Editor/2022.3.21f1/Editor/Data/Managed'
Mono path[1] = 'C:/Program Files/Unity/Hub/Editor/2022.3.21f1/Editor/Data/MonoBleedingEdge/lib/mono/unityjit-win32'
Mono config path = 'C:/Program Files/Unity/Hub/Editor/2022.3.21f1/Editor/Data/MonoBleedingEdge/etc'
Using monoOptions --debugger-agent=transport=dt_socket,embedding=1,server=y,suspend=n,address=127.0.0.1:56312
Begin MonoManager ReloadAssembly
Registering precompiled unity dll's ...
Register platform support module: C:/Program Files/Unity/Hub/Editor/2022.3.21f1/Editor/Data/PlaybackEngines/WindowsStandaloneSupport/UnityEditor.WindowsStandalone.Extensions.dll
Registered in 0.010599 seconds.
- Loaded All Assemblies, in  0.422 seconds
Native extension for WindowsStandalone target not found
Mono: successfully reloaded assembly
- Finished resetting the current domain, in  0.322 seconds
Domain Reload Profiling: 743ms
	BeginReloadAssembly (123ms)
		ExecutionOrderSort (0ms)
		DisableScriptedObjects (0ms)
		BackupInstance (0ms)
		ReleaseScriptingObjects (0ms)
		CreateAndSetChildDomain (1ms)
	RebuildCommonClasses (43ms)
	RebuildNativeTypeToScriptingClass (12ms)
	initialDomainReloadingComplete (68ms)
	LoadAllAssembliesAndSetupDomain (174ms)
		LoadAssemblies (120ms)
		RebuildTransferFunctionScriptingTraits (0ms)
		AnalyzeDomain (172ms)
			TypeCache.Refresh (170ms)
				TypeCache.ScanAssembly (156ms)
			ScanForSourceGeneratedMonoScriptInfo (1ms)
			ResolveRequiredComponents (1ms)
	FinalizeReload (323ms)
		ReleaseScriptCaches (0ms)
		RebuildScriptCaches (0ms)
		SetupLoadedEditorAssemblies (250ms)
			LogAssemblyErrors (0ms)
			InitializePlatformSupportModulesInManaged (11ms)
			SetLoadedEditorAssemblies (9ms)
			RefreshPlugins (0ms)
			BeforeProcessingInitializeOnLoad (2ms)
			ProcessInitializeOnLoadAttributes (175ms)
			ProcessInitializeOnLoadMethodAttributes (53ms)
			AfterProcessingInitializeOnLoad (0ms)
			EditorAssembliesLoaded (0ms)
		ExecutionOrderSort2 (0ms)
		AwakeInstancesAfterBackupRestoration (0ms)
========================================================================
Worker process is ready to serve import requests
Begin MonoManager ReloadAssembly
- Loaded All Assemblies, in  0.777 seconds
Refreshing native plugins compatible for Editor in 4.55 ms, found 3 plugins.
Native extension for WindowsStandalone target not found
Package Manager log level set to [2]
[Package Manager] Server::EnsureServerProcessIsRunning -- launch failed, reason: Unity was launched with the -noUpm command-line argument
[Package Manager] UpmClient::Send -- Unable to send message (not connected to UPM process).
[Package Manager] Cannot connect to Unity Package Manager local server
Mono: successfully reloaded assembly
- Finished resetting the current domain, in  0.672 seconds
Domain Reload Profiling: 1445ms
	BeginReloadAssembly (168ms)
		ExecutionOrderSort (0ms)
		DisableScriptedObjects (6ms)
		BackupInstance (0ms)
		ReleaseScriptingObjects (0ms)
		CreateAndSetChildDomain (23ms)
	RebuildCommonClasses (36ms)
	RebuildNativeTypeToScriptingClass (14ms)
	initialDomainReloadingComplete (52ms)
	LoadAllAssembliesAndSetupDomain (504ms)
		LoadAssemblies (350ms)
		RebuildTransferFunctionScriptingTraits (0ms)
		AnalyzeDomain (254ms)
			TypeCache.Refresh (228ms)
				TypeCache.ScanAssembly (208ms)
			ScanForSourceGeneratedMonoScriptInfo (19ms)
			ResolveRequiredComponents (5ms)
	FinalizeReload (672ms)
		ReleaseScriptCaches (0ms)
		RebuildScriptCaches (0ms)
		SetupLoadedEditorAssemblies (492ms)
			LogAssemblyErrors (0ms)
			InitializePlatformSupportModulesInManaged (9ms)
			SetLoadedEditorAssemblies (5ms)
			RefreshPlugins (0ms)
			BeforeProcessingInitializeOnLoad (76ms)
			ProcessInitializeOnLoadAttributes (371ms)
			ProcessInitializeOnLoadMethodAttributes (23ms)
			AfterProcessingInitializeOnLoad (9ms)
			EditorAssembliesLoaded (0ms)
		ExecutionOrderSort2 (0ms)
		AwakeInstancesAfterBackupRestoration (6ms)
Launched and connected shader compiler UnityShaderCompiler.exe after 0.04 seconds
Refreshing native plugins compatible for Editor in 6.41 ms, found 3 plugins.
Preloading 0 native plugins for Editor in 0.00 ms.
Unloading 3133 Unused Serialized files (Serialized files now loaded: 0)
Unloading 40 unused Assets / (61.1 KB). Loaded Objects now: 3587.
Memory consumption went from 122.0 MB to 122.0 MB.
Total: 3.246400 ms (FindLiveObjects: 0.260400 ms CreateObjectMapping: 0.266400 ms MarkObjects: 2.588700 ms  DeleteObjects: 0.129200 ms)

AssetImportParameters requested are different than current active one (requested -> active):
  custom:container-demuxer-ogg: 62fdf1f143b41e24485cea50d1cbac27 -> 
  custom:video-decoder-ogg-theora: a1e56fd34408186e4bbccfd4996cb3dc -> 
  custom:framework-win-MediaFoundation: 216162199b28c13a410421893ffa2e32 -> 
  custom:CustomObjectIndexerAttribute: 9a22284fe3817be447336de3de66b15e -> 
  custom:container-demuxer-webm: 4f35f7cbe854078d1ac9338744f61a02 -> 
  custom:container-muxer-webm: aa71ff27fc2769a1b78a27578f13a17b -> 
  custom:video-decoder-webm-vp8: 9c59270c3fd7afecdb556c50c9e8de78 -> 
  custom:SearchIndexIgnoredProperties: e643bd26f0fe6173181afceb89e7c659 -> 
  custom:AudioImporter_EditorPlatform: d09bf68614088b80899f8185d706f6e7 -> 
  custom:video-encoder-webm-vp8: eb34c28f22e8b96e1ab97ce403110664 -> 
  custom:audio-decoder-ogg-vorbis: bf7c407c2cedff20999df2af8eb42d56 -> 
  custom:audio-encoder-webm-vorbis: bf7c407c2cedff20999df2af8eb42d56 -> 
========================================================================
Received Import Request.
  Time since last request: 205122.771035 seconds.
  path: Assets/Plugins/CodeAssist/Editor/Input/Binary2TextExec.cs
  artifactKey: Guid(20173ee0070299646b962cb714479f2a) Importer(2089858483,0ecaa5967403d082aa24f35e1b516d23)
Start importing Assets/Plugins/CodeAssist/Editor/Input/Binary2TextExec.cs using Guid(20173ee0070299646b962cb714479f2a) Importer(2089858483,0ecaa5967403d082aa24f35e1b516d23)  -> (artifact id: '4379d57bfad6b5d8f0d05167b79b06ef') in 0.091476 seconds
Number of updated asset objects reloaded before import = 0
Number of asset objects unloaded after import = 1
========================================================================
Received Import Request.
  Time since last request: 0.000027 seconds.
  path: Assets/Scripts/MenuManager.cs
  artifactKey: Guid(6b11f899a63c47549a399776ed280910) Importer(2089858483,0ecaa5967403d082aa24f35e1b516d23)
Start importing Assets/Scripts/MenuManager.cs using Guid(6b11f899a63c47549a399776ed280910) Importer(2089858483,0ecaa5967403d082aa24f35e1b516d23)  -> (artifact id: 'd051f0a643c603aacd9bb146b5167031') in 0.017713 seconds
Number of updated asset objects reloaded before import = 0
Number of asset objects unloaded after import = 1
========================================================================
Received Import Request.
  Time since last request: 0.000018 seconds.
  path: Assets/Plugins/CodeAssist/Editor/ExternalReferences/Meryel.UnityCodeAssist.SynchronizerModel.dll
  artifactKey: Guid(b8583a05005b5044494808aa67b8c18a) Importer(2089858483,0ecaa5967403d082aa24f35e1b516d23)
Start importing Assets/Plugins/CodeAssist/Editor/ExternalReferences/Meryel.UnityCodeAssist.SynchronizerModel.dll using Guid(b8583a05005b5044494808aa67b8c18a) Importer(2089858483,0ecaa5967403d082aa24f35e1b516d23)  -> (artifact id: '2728bfa197b3c54ae3c5a82394e8c45b') in 0.021089 seconds
Number of updated asset objects reloaded before import = 0
Number of asset objects unloaded after import = 1
========================================================================
Received Import Request.
  Time since last request: 0.000020 seconds.
  path: Assets/Plugins/CodeAssist/Editor/ExternalReferences/Meryel.UnityCodeAssist.NaCl.xml
  artifactKey: Guid(8567512021007094eaaa3b3455ffa2c2) Importer(2089858483,0ecaa5967403d082aa24f35e1b516d23)
Start importing Assets/Plugins/CodeAssist/Editor/ExternalReferences/Meryel.UnityCodeAssist.NaCl.xml using Guid(8567512021007094eaaa3b3455ffa2c2) Importer(2089858483,0ecaa5967403d082aa24f35e1b516d23)  -> (artifact id: 'e7f9d83431a05e068ccef1a00f0f25be') in 0.019411 seconds
Number of updated asset objects reloaded before import = 0
Number of asset objects unloaded after import = 1
========================================================================
Received Import Request.
  Time since last request: 0.000015 seconds.
  path: Assets/Scenes/Principal.unity
  artifactKey: Guid(a8f1ba3f2a54b3e48b08683366b78007) Importer(2089858483,0ecaa5967403d082aa24f35e1b516d23)
Start importing Assets/Scenes/Principal.unity using Guid(a8f1ba3f2a54b3e48b08683366b78007) Importer(2089858483,0ecaa5967403d082aa24f35e1b516d23)  -> (artifact id: '310afbcc435682c7f23f5ba8ccd32229') in 0.012425 seconds
Number of updated asset objects reloaded before import = 0
Number of asset objects unloaded after import = 1
========================================================================
Received Import Request.
  Time since last request: 0.000022 seconds.
  path: Assets/Plugins/CodeAssist/Editor/ExternalReferences/Meryel.UnityCodeAssist.Serilog.pdb
  artifactKey: Guid(bbe0a9c35dca7ac41b2549445cc24290) Importer(2089858483,0ecaa5967403d082aa24f35e1b516d23)
Start importing Assets/Plugins/CodeAssist/Editor/ExternalReferences/Meryel.UnityCodeAssist.Serilog.pdb using Guid(bbe0a9c35dca7ac41b2549445cc24290) Importer(2089858483,0ecaa5967403d082aa24f35e1b516d23)  -> (artifact id: 'abcc08939bd01b5d68c636e84eb9fa2a') in 0.015469 seconds
Number of updated asset objects reloaded before import = 0
Number of asset objects unloaded after import = 1
========================================================================
Received Import Request.
  Time since last request: 0.000020 seconds.
  path: Assets/Plugins/CodeAssist/Editor/ExternalReferences/Meryel.UnityCodeAssist.NaCl.deps.json
  artifactKey: Guid(ddc59c75a44e8f14bb489892800770cf) Importer(2089858483,0ecaa5967403d082aa24f35e1b516d23)
Start importing Assets/Plugins/CodeAssist/Editor/ExternalReferences/Meryel.UnityCodeAssist.NaCl.deps.json using Guid(ddc59c75a44e8f14bb489892800770cf) Importer(2089858483,0ecaa5967403d082aa24f35e1b516d23)  -> (artifact id: 'e79ddf7a6e5b95c75a604a808196a9bc') in 0.018317 seconds
Number of updated asset objects reloaded before import = 0
Number of asset objects unloaded after import = 1
========================================================================
Received Import Request.
  Time since last request: 0.000017 seconds.
  path: Assets/Plugins/CodeAssist/Editor/Assister.cs
  artifactKey: Guid(73149c82f7f8c9f4f88d0bceb2464181) Importer(2089858483,0ecaa5967403d082aa24f35e1b516d23)
Start importing Assets/Plugins/CodeAssist/Editor/Assister.cs using Guid(73149c82f7f8c9f4f88d0bceb2464181) Importer(2089858483,0ecaa5967403d082aa24f35e1b516d23)  -> (artifact id: '7f3192db3d7aeea5a14f48e864cc2ad9') in 0.012412 seconds
Number of updated asset objects reloaded before import = 0
Number of asset objects unloaded after import = 1
========================================================================
Received Import Request.
  Time since last request: 0.000021 seconds.
  path: Assets/Plugins/CodeAssist/Editor/ExternalReferences/Meryel.UnityCodeAssist.AsyncIO.deps.json
  artifactKey: Guid(9e55e328b88a542458a55b8a20c7e4a0) Importer(2089858483,0ecaa5967403d082aa24f35e1b516d23)
Start importing Assets/Plugins/CodeAssist/Editor/ExternalReferences/Meryel.UnityCodeAssist.AsyncIO.deps.json using Guid(9e55e328b88a542458a55b8a20c7e4a0) Importer(2089858483,0ecaa5967403d082aa24f35e1b516d23)  -> (artifact id: '931433d29da5fafa6d94db92945b15e9') in 0.018345 seconds
Number of updated asset objects reloaded before import = 0
Number of asset objects unloaded after import = 1
========================================================================
Received Import Request.
  Time since last request: 0.000019 seconds.
  path: Assets/Scripts/MainMenu.cs
  artifactKey: Guid(06967877e0d687d429ed3acd85500383) Importer(2089858483,0ecaa5967403d082aa24f35e1b516d23)
Start importing Assets/Scripts/MainMenu.cs using Guid(06967877e0d687d429ed3acd85500383) Importer(2089858483,0ecaa5967403d082aa24f35e1b516d23)  -> (artifact id: '834ad723f4da5e25598f40423a858668') in 0.016700 seconds
Number of updated asset objects reloaded before import = 0
Number of asset objects unloaded after import = 1
========================================================================
Received Import Request.
  Time since last request: 0.000027 seconds.
  path: Assets/Plugins/CodeAssist/Editor/ExternalReferences/Meryel.UnityCodeAssist.YamlDotNet.deps.json
  artifactKey: Guid(cfb6be6c9f3225e4eab522f44c7d676d) Importer(2089858483,0ecaa5967403d082aa24f35e1b516d23)
Start importing Assets/Plugins/CodeAssist/Editor/ExternalReferences/Meryel.UnityCodeAssist.YamlDotNet.deps.json using Guid(cfb6be6c9f3225e4eab522f44c7d676d) Importer(2089858483,0ecaa5967403d082aa24f35e1b516d23)  -> (artifact id: 'a56dd05c4027b8c96d7c7addbcbf94f0') in 0.019001 seconds
Number of updated asset objects reloaded before import = 0
Number of asset objects unloaded after import = 1
========================================================================
Received Import Request.
  Time since last request: 0.000021 seconds.
  path: Assets/Plugins/CodeAssist/Editor/ExternalReferences/SystemBinariesForDotNetStandard20.unitypackage
  artifactKey: Guid(102b306e365535e4c99e6c1cc2cafee5) Importer(2089858483,0ecaa5967403d082aa24f35e1b516d23)
Start importing Assets/Plugins/CodeAssist/Editor/ExternalReferences/SystemBinariesForDotNetStandard20.unitypackage using Guid(102b306e365535e4c99e6c1cc2cafee5) Importer(2089858483,0ecaa5967403d082aa24f35e1b516d23)  -> (artifact id: '4040edf8c4e8ec2a5735379996227410') in 0.010861 seconds
Number of updated asset objects reloaded before import = 0
Number of asset objects unloaded after import = 1
========================================================================
Received Import Request.
  Time since last request: 0.000023 seconds.
  path: Assets/Plugins/CodeAssist/Editor/ExternalReferences/Meryel.UnityCodeAssist.Serilog.xml
  artifactKey: Guid(45d4607ea239efe46b2116ad888bc36d) Importer(2089858483,0ecaa5967403d082aa24f35e1b516d23)
Start importing Assets/Plugins/CodeAssist/Editor/ExternalReferences/Meryel.UnityCodeAssist.Serilog.xml using Guid(45d4607ea239efe46b2116ad888bc36d) Importer(2089858483,0ecaa5967403d082aa24f35e1b516d23)  -> (artifact id: '1c2770f61efaccb5aa91c6af71c3568e') in 0.020601 seconds
Number of updated asset objects reloaded before import = 0
Number of asset objects unloaded after import = 1
========================================================================
Received Import Request.
  Time since last request: 0.000017 seconds.
  path: Assets/Plugins/CodeAssist/Editor/Logger/MemorySink.cs
  artifactKey: Guid(0133908b730dd6f41bb744c2274e8d9b) Importer(2089858483,0ecaa5967403d082aa24f35e1b516d23)
Start importing Assets/Plugins/CodeAssist/Editor/Logger/MemorySink.cs using Guid(0133908b730dd6f41bb744c2274e8d9b) Importer(2089858483,0ecaa5967403d082aa24f35e1b516d23)  -> (artifact id: '874e41d793ba6be4e4560c3b7f9407ec') in 0.014994 seconds
Number of updated asset objects reloaded before import = 0
Number of asset objects unloaded after import = 1
========================================================================
Received Import Request.
  Time since last request: 0.000028 seconds.
  path: Assets/Plugins/CodeAssist/Editor/Preferences/PreferenceMonitor.cs
  artifactKey: Guid(2d2e064188941d841aaca78c66f9fb78) Importer(2089858483,0ecaa5967403d082aa24f35e1b516d23)
Start importing Assets/Plugins/CodeAssist/Editor/Preferences/PreferenceMonitor.cs using Guid(2d2e064188941d841aaca78c66f9fb78) Importer(2089858483,0ecaa5967403d082aa24f35e1b516d23)  -> (artifact id: '79492971718010dc883fa795387d68a6') in 0.014566 seconds
Number of updated asset objects reloaded before import = 0
Number of asset objects unloaded after import = 1
========================================================================
Received Import Request.
  Time since last request: 0.000021 seconds.
  path: Assets/Plugins/CodeAssist/Editor/ExternalReferences/Meryel.UnityCodeAssist.YamlDotNet.pdb
  artifactKey: Guid(388be4150dc5f1e488b21fb9df936d73) Importer(2089858483,0ecaa5967403d082aa24f35e1b516d23)
Start importing Assets/Plugins/CodeAssist/Editor/ExternalReferences/Meryel.UnityCodeAssist.YamlDotNet.pdb using Guid(388be4150dc5f1e488b21fb9df936d73) Importer(2089858483,0ecaa5967403d082aa24f35e1b516d23)  -> (artifact id: '5e33190abe8849862a5af277e4825440') in 0.011766 seconds
Number of updated asset objects reloaded before import = 0
Number of asset objects unloaded after import = 1
========================================================================
Received Import Request.
  Time since last request: 0.000020 seconds.
  path: Assets/Plugins/CodeAssist/Editor/EditorCoroutines/EditorCoroutineUtility.cs
  artifactKey: Guid(b879bec3846c8d34ba98ef8c901bd720) Importer(2089858483,0ecaa5967403d082aa24f35e1b516d23)
Start importing Assets/Plugins/CodeAssist/Editor/EditorCoroutines/EditorCoroutineUtility.cs using Guid(b879bec3846c8d34ba98ef8c901bd720) Importer(2089858483,0ecaa5967403d082aa24f35e1b516d23)  -> (artifact id: '6b6730239670162420afd427ab161c14') in 0.016879 seconds
Number of updated asset objects reloaded before import = 0
Number of asset objects unloaded after import = 1
========================================================================
Received Import Request.
  Time since last request: 0.000017 seconds.
  path: Assets/Plugins/CodeAssist/Editor/ExternalReferences/Meryel.UnityCodeAssist.NaCl.pdb
  artifactKey: Guid(a25bfcef71e70b4429c7f3660585225d) Importer(2089858483,0ecaa5967403d082aa24f35e1b516d23)
Start importing Assets/Plugins/CodeAssist/Editor/ExternalReferences/Meryel.UnityCodeAssist.NaCl.pdb using Guid(a25bfcef71e70b4429c7f3660585225d) Importer(2089858483,0ecaa5967403d082aa24f35e1b516d23)  -> (artifact id: '42fa00b64dc68b8de413d4ed6747ae12') in 0.010330 seconds
Number of updated asset objects reloaded before import = 0
Number of asset objects unloaded after import = 1
========================================================================
Received Import Request.
  Time since last request: 0.000014 seconds.
  path: Assets/Scenes/Completado.unity
  artifactKey: Guid(847dfce920c3151449b644ea9211d738) Importer(2089858483,0ecaa5967403d082aa24f35e1b516d23)
Start importing Assets/Scenes/Completado.unity using Guid(847dfce920c3151449b644ea9211d738) Importer(2089858483,0ecaa5967403d082aa24f35e1b516d23)  -> (artifact id: '63f42db4e53d8d8807e47524081edbbb') in 0.009203 seconds
Number of updated asset objects reloaded before import = 0
Number of asset objects unloaded after import = 1
========================================================================
Received Import Request.
  Time since last request: 0.000088 seconds.
  path: Assets/Plugins/CodeAssist/Editor/EditorCoroutines/EditorWaitForSeconds.cs
  artifactKey: Guid(34471fcdcdae519479c20ee69a91a45e) Importer(2089858483,0ecaa5967403d082aa24f35e1b516d23)
Start importing Assets/Plugins/CodeAssist/Editor/EditorCoroutines/EditorWaitForSeconds.cs using Guid(34471fcdcdae519479c20ee69a91a45e) Importer(2089858483,0ecaa5967403d082aa24f35e1b516d23)  -> (artifact id: 'b865c4a436b2c2991c27d7d974b416ea') in 0.013994 seconds
Number of updated asset objects reloaded before import = 0
Number of asset objects unloaded after import = 1
========================================================================
Received Import Request.
  Time since last request: 0.000028 seconds.
  path: Assets/Scenes/BloqueMedio.unity
  artifactKey: Guid(5df7a8ccd495fc54cb288f9339b511d5) Importer(2089858483,0ecaa5967403d082aa24f35e1b516d23)
Start importing Assets/Scenes/BloqueMedio.unity using Guid(5df7a8ccd495fc54cb288f9339b511d5) Importer(2089858483,0ecaa5967403d082aa24f35e1b516d23)  -> (artifact id: '73de681c6b9f30356017b395d65d5ea5') in 0.012300 seconds
Number of updated asset objects reloaded before import = 0
Number of asset objects unloaded after import = 1
========================================================================
Received Import Request.
  Time since last request: 0.000020 seconds.
  path: Assets/Plugins/CodeAssist/Editor/UnityClassExtensions.cs
  artifactKey: Guid(87ba5cb987abe4041b086628a7fd5b74) Importer(2089858483,0ecaa5967403d082aa24f35e1b516d23)
Start importing Assets/Plugins/CodeAssist/Editor/UnityClassExtensions.cs using Guid(87ba5cb987abe4041b086628a7fd5b74) Importer(2089858483,0ecaa5967403d082aa24f35e1b516d23)  -> (artifact id: '31555f8d8756da1020227f8f68a0d4e4') in 0.014549 seconds
Number of updated asset objects reloaded before import = 0
Number of asset objects unloaded after import = 1
========================================================================
Received Import Request.
  Time since last request: 0.000017 seconds.
  path: Assets/Plugins/CodeAssist/Editor/ExternalReferences/Meryel.UnityCodeAssist.AsyncIO.pdb
  artifactKey: Guid(fd13bbed63452fa438a84fa5a955b7bb) Importer(2089858483,0ecaa5967403d082aa24f35e1b516d23)
Start importing Assets/Plugins/CodeAssist/Editor/ExternalReferences/Meryel.UnityCodeAssist.AsyncIO.pdb using Guid(fd13bbed63452fa438a84fa5a955b7bb) Importer(2089858483,0ecaa5967403d082aa24f35e1b516d23)  -> (artifact id: '4113ccf1eabfc7f30d92b81d5389b278') in 0.011364 seconds
Number of updated asset objects reloaded before import = 0
Number of asset objects unloaded after import = 1
========================================================================
Received Import Request.
  Time since last request: 0.000017 seconds.
  path: Assets/Plugins/CodeAssist/Editor/AboutWindow.cs
  artifactKey: Guid(f8093e7a562132e42a445101b099e889) Importer(2089858483,0ecaa5967403d082aa24f35e1b516d23)
Start importing Assets/Plugins/CodeAssist/Editor/AboutWindow.cs using Guid(f8093e7a562132e42a445101b099e889) Importer(2089858483,0ecaa5967403d082aa24f35e1b516d23)  -> (artifact id: '1ecdd5c33160416bdb3fd3ca00bb8634') in 0.016897 seconds
Number of updated asset objects reloaded before import = 0
Number of asset objects unloaded after import = 1
========================================================================
Received Import Request.
  Time since last request: 0.000037 seconds.
  path: Assets/Plugins/CodeAssist/Editor/ExternalReferences/Meryel.UnityCodeAssist.Serilog.Sinks.PersistentFile.pdb
  artifactKey: Guid(bb4883c954e04174da1ddf6f71d8ac52) Importer(2089858483,0ecaa5967403d082aa24f35e1b516d23)
Start importing Assets/Plugins/CodeAssist/Editor/ExternalReferences/Meryel.UnityCodeAssist.Serilog.Sinks.PersistentFile.pdb using Guid(bb4883c954e04174da1ddf6f71d8ac52) Importer(2089858483,0ecaa5967403d082aa24f35e1b516d23)  -> (artifact id: 'af4c15340829ec66877e8d5445fabb45') in 0.012137 seconds
Number of updated asset objects reloaded before import = 0
Number of asset objects unloaded after import = 1
========================================================================
Received Import Request.
  Time since last request: 0.000018 seconds.
  path: Assets/Scenes/Inicial.unity
  artifactKey: Guid(9fc0d4010bbf28b4594072e72b8655ab) Importer(2089858483,0ecaa5967403d082aa24f35e1b516d23)
Start importing Assets/Scenes/Inicial.unity using Guid(9fc0d4010bbf28b4594072e72b8655ab) Importer(2089858483,0ecaa5967403d082aa24f35e1b516d23)  -> (artifact id: '506d604f8d3f93d0336b8aa4a746ff2f') in 0.011157 seconds
Number of updated asset objects reloaded before import = 0
Number of asset objects unloaded after import = 1
========================================================================
Received Import Request.
  Time since last request: 0.000024 seconds.
  path: Assets/Plugins/CodeAssist/Editor/ExternalReferences/Meryel.UnityCodeAssist.NetMQ.deps.json
  artifactKey: Guid(27c07d2971123a848bd9221320cf86a9) Importer(2089858483,0ecaa5967403d082aa24f35e1b516d23)
Start importing Assets/Plugins/CodeAssist/Editor/ExternalReferences/Meryel.UnityCodeAssist.NetMQ.deps.json using Guid(27c07d2971123a848bd9221320cf86a9) Importer(2089858483,0ecaa5967403d082aa24f35e1b516d23)  -> (artifact id: '7377471aad4a51302e0d739e7e2b955d') in 0.020930 seconds
Number of updated asset objects reloaded before import = 0
Number of asset objects unloaded after import = 1
========================================================================
Received Import Request.
  Time since last request: 0.000019 seconds.
  path: Assets/Plugins/CodeAssist/Editor/Logger/ELogger.cs
  artifactKey: Guid(43bbe34625177514f9060e6550aa06d4) Importer(2089858483,0ecaa5967403d082aa24f35e1b516d23)
Start importing Assets/Plugins/CodeAssist/Editor/Logger/ELogger.cs using Guid(43bbe34625177514f9060e6550aa06d4) Importer(2089858483,0ecaa5967403d082aa24f35e1b516d23)  -> (artifact id: 'af3d64cbf3a5bcc2feacebf296100691') in 0.013726 seconds
Number of updated asset objects reloaded before import = 0
Number of asset objects unloaded after import = 1
========================================================================
Received Import Request.
  Time since last request: 0.000022 seconds.
  path: Assets/Plugins/CodeAssist/Editor/TinyJson/JsonParser.cs
  artifactKey: Guid(5fa41ff668b5fa6419c5854a7c958e00) Importer(2089858483,0ecaa5967403d082aa24f35e1b516d23)
Start importing Assets/Plugins/CodeAssist/Editor/TinyJson/JsonParser.cs using Guid(5fa41ff668b5fa6419c5854a7c958e00) Importer(2089858483,0ecaa5967403d082aa24f35e1b516d23)  -> (artifact id: '16a14aba221b726d842667caf9dfbd3d') in 0.015522 seconds
Number of updated asset objects reloaded before import = 0
Number of asset objects unloaded after import = 1
========================================================================
Received Import Request.
  Time since last request: 0.000028 seconds.
  path: Assets/Plugins/CodeAssist/Editor/StatusWindow.cs
  artifactKey: Guid(ca0efd333644e8642afbefc41369716b) Importer(2089858483,0ecaa5967403d082aa24f35e1b516d23)
Start importing Assets/Plugins/CodeAssist/Editor/StatusWindow.cs using Guid(ca0efd333644e8642afbefc41369716b) Importer(2089858483,0ecaa5967403d082aa24f35e1b516d23)  -> (artifact id: 'eb573c9c16adc3d5e5e47ec8b230934a') in 0.016705 seconds
Number of updated asset objects reloaded before import = 0
Number of asset objects unloaded after import = 1
========================================================================
Received Import Request.
  Time since last request: 0.000034 seconds.
  path: Assets/Plugins/CodeAssist/Editor/ExternalReferences/Meryel.UnityCodeAssist.YamlDotNet.dll
  artifactKey: Guid(e0fd157a8b0123a49a9aaf4327633c31) Importer(2089858483,0ecaa5967403d082aa24f35e1b516d23)
Start importing Assets/Plugins/CodeAssist/Editor/ExternalReferences/Meryel.UnityCodeAssist.YamlDotNet.dll using Guid(e0fd157a8b0123a49a9aaf4327633c31) Importer(2089858483,0ecaa5967403d082aa24f35e1b516d23)  -> (artifact id: 'c1c6689450da3965b5b366f47b974bc3') in 0.016939 seconds
Number of updated asset objects reloaded before import = 0
Number of asset objects unloaded after import = 1
========================================================================
Received Import Request.
  Time since last request: 0.000025 seconds.
  path: Assets/Plugins/CodeAssist/Editor/ExternalReferences/Meryel.UnityCodeAssist.SynchronizerModel.deps.json
  artifactKey: Guid(8f6a3b2ef1f8c0548abc888c6a0d2b68) Importer(2089858483,0ecaa5967403d082aa24f35e1b516d23)
Start importing Assets/Plugins/CodeAssist/Editor/ExternalReferences/Meryel.UnityCodeAssist.SynchronizerModel.deps.json using Guid(8f6a3b2ef1f8c0548abc888c6a0d2b68) Importer(2089858483,0ecaa5967403d082aa24f35e1b516d23)  -> (artifact id: '76837deb5179c1a9111b80782846ffc9') in 0.017770 seconds
Number of updated asset objects reloaded before import = 0
Number of asset objects unloaded after import = 1
========================================================================
Received Import Request.
  Time since last request: 0.000018 seconds.
  path: Assets/Plugins/CodeAssist/Editor/FeedbackWindow.cs
  artifactKey: Guid(e41cc875d991d044ba7619593fbb6cd5) Importer(2089858483,0ecaa5967403d082aa24f35e1b516d23)
Start importing Assets/Plugins/CodeAssist/Editor/FeedbackWindow.cs using Guid(e41cc875d991d044ba7619593fbb6cd5) Importer(2089858483,0ecaa5967403d082aa24f35e1b516d23)  -> (artifact id: '6f5464e668939543c01c7819ee280347') in 0.014348 seconds
Number of updated asset objects reloaded before import = 0
Number of asset objects unloaded after import = 1
========================================================================
Received Import Request.
  Time since last request: 0.000016 seconds.
  path: Assets/Plugins/CodeAssist/Editor/ExternalReferences/Meryel.UnityCodeAssist.NaCl.dll
  artifactKey: Guid(ea19a953b3672704bb5a262086c3da25) Importer(2089858483,0ecaa5967403d082aa24f35e1b516d23)
Start importing Assets/Plugins/CodeAssist/Editor/ExternalReferences/Meryel.UnityCodeAssist.NaCl.dll using Guid(ea19a953b3672704bb5a262086c3da25) Importer(2089858483,0ecaa5967403d082aa24f35e1b516d23)  -> (artifact id: 'c2eb123b9e25f086d0b86675d0848c2c') in 0.016088 seconds
Number of updated asset objects reloaded before import = 0
Number of asset objects unloaded after import = 1
========================================================================
Received Import Request.
  Time since last request: 0.000020 seconds.
  path: Assets/Plugins/CodeAssist/Editor/Logger/UnitySink.cs
  artifactKey: Guid(64aee6617d0581b4abe856249040a57b) Importer(2089858483,0ecaa5967403d082aa24f35e1b516d23)
Start importing Assets/Plugins/CodeAssist/Editor/Logger/UnitySink.cs using Guid(64aee6617d0581b4abe856249040a57b) Importer(2089858483,0ecaa5967403d082aa24f35e1b516d23)  -> (artifact id: 'daaa38190506d9f32ad6e593d023b7ed') in 0.013208 seconds
Number of updated asset objects reloaded before import = 0
Number of asset objects unloaded after import = 1
========================================================================
Received Import Request.
  Time since last request: 0.000024 seconds.
  path: Assets/Plugins/CodeAssist/Editor/Logger/DomainHashEnricher.cs
  artifactKey: Guid(db11b0525eafbd1439643ffd89267946) Importer(2089858483,0ecaa5967403d082aa24f35e1b516d23)
Start importing Assets/Plugins/CodeAssist/Editor/Logger/DomainHashEnricher.cs using Guid(db11b0525eafbd1439643ffd89267946) Importer(2089858483,0ecaa5967403d082aa24f35e1b516d23)  -> (artifact id: 'a952596c84f45b8a3c7c480afd2530e8') in 0.016608 seconds
Number of updated asset objects reloaded before import = 0
Number of asset objects unloaded after import = 1
========================================================================
Received Import Request.
  Time since last request: 0.000101 seconds.
  path: Assets/Scenes/Pause.unity
  artifactKey: Guid(ad524e97403442049a08b1765da55bf9) Importer(2089858483,0ecaa5967403d082aa24f35e1b516d23)
Start importing Assets/Scenes/Pause.unity using Guid(ad524e97403442049a08b1765da55bf9) Importer(2089858483,0ecaa5967403d082aa24f35e1b516d23)  -> (artifact id: 'b4d6a16fec70b0c28c62f4835e5a277d') in 0.010446 seconds
Number of updated asset objects reloaded before import = 0
Number of asset objects unloaded after import = 1
========================================================================
Received Import Request.
  Time since last request: 0.000020 seconds.
  path: Assets/Plugins/CodeAssist/Editor/csc.rsp
  artifactKey: Guid(3283a89db2890584b893b41569aa8fe2) Importer(2089858483,0ecaa5967403d082aa24f35e1b516d23)
Start importing Assets/Plugins/CodeAssist/Editor/csc.rsp using Guid(3283a89db2890584b893b41569aa8fe2) Importer(2089858483,0ecaa5967403d082aa24f35e1b516d23)  -> (artifact id: 'd98ba83b1a5acaad1ff7ac772d9496e1') in 0.010988 seconds
Number of updated asset objects reloaded before import = 0
Number of asset objects unloaded after import = 1
